This file contains any messages produced by compilers while
running configure, to aid debugging if configure makes a mistake.

It was created by libffi configure 3.299999, which was
generated by GNU Autoconf 2.69.  Invocation command line was

  $ .././configure --srcdir=.. --enable-builddir=x86_64-apple-darwin17.7.0

## --------- ##
## Platform. ##
## --------- ##

hostname = ZHIYANG-MC0
uname -m = x86_64
uname -r = 17.7.0
uname -s = Darwin
uname -v = Darwin Kernel Version 17.7.0: Thu Jun 21 22:53:14 PDT 2018; root:xnu-4570.71.2~1/RELEASE_X86_64

/usr/bin/uname -p = i386
/bin/uname -X     = unknown

/bin/arch              = unknown
/usr/bin/arch -k       = unknown
/usr/convex/getsysinfo = unknown
/usr/bin/hostinfo      = Mach kernel version:
	 Darwin Kernel Version 17.7.0: Thu Jun 21 22:53:14 PDT 2018; root:xnu-4570.71.2~1/RELEASE_X86_64
Kernel configured for up to 8 processors.
4 processors are physically available.
8 processors are logically available.
Processor type: x86_64h (Intel x86-64h Haswell)
Processors active: 0 1 2 3 4 5 6 7
Primary memory available: 16.00 gigabytes
Default processor set: 539 tasks, 2280 threads, 8 processors
Load average: 1.98, Mach factor: 6.00
/bin/machine           = unknown
/usr/bin/oslevel       = unknown
/bin/universe          = unknown

PATH: /opt/theos/bin
PATH: /usr/local/opt/gettext/bin
PATH: /Users/zhiyangfu/.bin
PATH: /Users/zhiyangfu/Tencent/cocos2d-x-3.9/templates
PATH: /Users/zhiyangfu/Tencent
PATH: /Users/zhiyangfu/Tencent/cocos2d-x-3.9/tools/cocos2d-console/bin
PATH: /Users/zhiyangfu/.nvm/versions/node/v5.0.0/bin
PATH: /usr/local/bin
PATH: /usr/bin
PATH: /bin
PATH: /usr/sbin
PATH: /sbin
PATH: /usr/local/share/dotnet
PATH: /Library/Frameworks/Mono.framework/Versions/Current/Commands
PATH: /Applications/Wireshark.app/Contents/MacOS
PATH: /usr/local/bin


## ----------- ##
## Core tests. ##
## ----------- ##

configure:2692: checking build system type
configure:2706: result: x86_64-apple-darwin17.7.0
configure:2726: checking host system type
configure:2739: result: x86_64-apple-darwin17.7.0
configure:2759: checking target system type
configure:2772: result: x86_64-apple-darwin17.7.0
configure:2869: checking for gsed
configure:2900: result: sed
configure:2928: checking for a BSD-compatible install
configure:2996: result: /usr/bin/install -c
configure:3007: checking whether build environment is sane
configure:3062: result: yes
configure:3210: checking for a thread-safe mkdir -p
configure:3249: result: ../install-sh -c -d
configure:3256: checking for gawk
configure:3286: result: no
configure:3256: checking for mawk
configure:3286: result: no
configure:3256: checking for nawk
configure:3286: result: no
configure:3256: checking for awk
configure:3272: found /usr/bin/awk
configure:3283: result: awk
configure:3294: checking whether make sets $(MAKE)
configure:3316: result: yes
configure:3345: checking whether make supports nested variables
configure:3362: result: yes
configure:3547: checking for gcc
configure:3563: found /usr/bin/gcc
configure:3574: result: gcc
configure:3803: checking for C compiler version
configure:3812: gcc --version >&5
Apple LLVM version 9.1.0 (clang-902.0.39.2)
Target: x86_64-apple-darwin17.7.0
Thread model: posix
InstalledDir: /Applications/Xcode.app/Contents/Developer/Toolchains/XcodeDefault.xctoolchain/usr/bin
Configured with: --prefix=/Applications/Xcode.app/Contents/Developer/usr --with-gxx-include-dir=/usr/include/c++/4.2.1
configure:3823: $? = 0
configure:3812: gcc -v >&5
Configured with: --prefix=/Applications/Xcode.app/Contents/Developer/usr --with-gxx-include-dir=/usr/include/c++/4.2.1
Apple LLVM version 9.1.0 (clang-902.0.39.2)
Target: x86_64-apple-darwin17.7.0
Thread model: posix
InstalledDir: /Applications/Xcode.app/Contents/Developer/Toolchains/XcodeDefault.xctoolchain/usr/bin
configure:3823: $? = 0
configure:3812: gcc -V >&5
clang: error: argument to '-V' is missing (expected 1 value)
clang: error: no input files
configure:3823: $? = 1
configure:3812: gcc -qversion >&5
clang: error: unknown argument: '-qversion'
clang: error: no input files
configure:3823: $? = 1
configure:3843: checking whether the C compiler works
configure:3865: gcc    conftest.c  >&5
configure:3869: $? = 0
configure:3917: result: yes
configure:3920: checking for C compiler default output file name
configure:3922: result: a.out
configure:3928: checking for suffix of executables
configure:3935: gcc -o conftest    conftest.c  >&5
configure:3939: $? = 0
configure:3961: result: 
configure:3983: checking whether we are cross compiling
configure:3991: gcc -o conftest    conftest.c  >&5
configure:3995: $? = 0
configure:4002: ./conftest
configure:4006: $? = 0
configure:4021: result: no
configure:4026: checking for suffix of object files
configure:4048: gcc -c   conftest.c >&5
configure:4052: $? = 0
configure:4073: result: o
configure:4077: checking whether we are using the GNU C compiler
configure:4096: gcc -c   conftest.c >&5
configure:4096: $? = 0
configure:4105: result: yes
configure:4114: checking whether gcc accepts -g
configure:4134: gcc -c -g  conftest.c >&5
configure:4134: $? = 0
configure:4175: result: yes
configure:4192: checking for gcc option to accept ISO C89
configure:4255: gcc  -c -g -O2  conftest.c >&5
configure:4255: $? = 0
configure:4268: result: none needed
configure:4293: checking whether gcc understands -c and -o together
configure:4315: gcc -c conftest.c -o conftest2.o
configure:4318: $? = 0
configure:4315: gcc -c conftest.c -o conftest2.o
configure:4318: $? = 0
configure:4330: result: yes
configure:4350: checking whether make supports the include directive
configure:4365: make -f confmf.GNU && cat confinc.out
this is the am__doit target
configure:4368: $? = 0
configure:4387: result: yes (GNU style)
configure:4412: checking dependency style of gcc
configure:4523: result: gcc3
configure:4596: checking for g++
configure:4612: found /usr/bin/g++
configure:4623: result: g++
configure:4650: checking for C++ compiler version
configure:4659: g++ --version >&5
Apple LLVM version 9.1.0 (clang-902.0.39.2)
Target: x86_64-apple-darwin17.7.0
Thread model: posix
InstalledDir: /Applications/Xcode.app/Contents/Developer/Toolchains/XcodeDefault.xctoolchain/usr/bin
Configured with: --prefix=/Applications/Xcode.app/Contents/Developer/usr --with-gxx-include-dir=/usr/include/c++/4.2.1
configure:4670: $? = 0
configure:4659: g++ -v >&5
Configured with: --prefix=/Applications/Xcode.app/Contents/Developer/usr --with-gxx-include-dir=/usr/include/c++/4.2.1
Apple LLVM version 9.1.0 (clang-902.0.39.2)
Target: x86_64-apple-darwin17.7.0
Thread model: posix
InstalledDir: /Applications/Xcode.app/Contents/Developer/Toolchains/XcodeDefault.xctoolchain/usr/bin
configure:4670: $? = 0
configure:4659: g++ -V >&5
clang: error: argument to '-V' is missing (expected 1 value)
clang: error: no input files
configure:4670: $? = 1
configure:4659: g++ -qversion >&5
clang: error: unknown argument: '-qversion'
clang: error: no input files
configure:4670: $? = 1
configure:4674: checking whether we are using the GNU C++ compiler
configure:4693: g++ -c   conftest.cpp >&5
configure:4693: $? = 0
configure:4702: result: yes
configure:4711: checking whether g++ accepts -g
configure:4731: g++ -c -g  conftest.cpp >&5
configure:4731: $? = 0
configure:4772: result: yes
configure:4797: checking dependency style of g++
configure:4908: result: gcc3
configure:4938: checking dependency style of gcc
configure:5047: result: gcc3
configure:5109: checking how to print strings
configure:5136: result: printf
configure:5157: checking for a sed that does not truncate output
configure:5221: result: /usr/bin/sed
configure:5239: checking for grep that handles long lines and -e
configure:5297: result: /usr/bin/grep
configure:5302: checking for egrep
configure:5364: result: /usr/bin/grep -E
configure:5369: checking for fgrep
configure:5431: result: /usr/bin/grep -F
configure:5466: checking for ld used by gcc
configure:5533: result: /Applications/Xcode.app/Contents/Developer/Toolchains/XcodeDefault.xctoolchain/usr/bin/ld
configure:5540: checking if the linker (/Applications/Xcode.app/Contents/Developer/Toolchains/XcodeDefault.xctoolchain/usr/bin/ld) is GNU ld
configure:5555: result: no
configure:5567: checking for BSD- or MS-compatible name lister (nm)
configure:5621: result: /usr/bin/nm -B
configure:5751: checking the name lister (/usr/bin/nm -B) interface
configure:5758: gcc -c   conftest.c >&5
configure:5761: /usr/bin/nm -B "conftest.o"
configure:5764: output
0000000000000000 S _some_variable
configure:5771: result: BSD nm
configure:5774: checking whether ln -s works
configure:5778: result: yes
configure:5786: checking the maximum length of command line arguments
configure:5917: result: 196608
configure:5965: checking how to convert x86_64-apple-darwin17.7.0 file names to x86_64-apple-darwin17.7.0 format
configure:6005: result: func_convert_file_noop
configure:6012: checking how to convert x86_64-apple-darwin17.7.0 file names to toolchain format
configure:6032: result: func_convert_file_noop
configure:6039: checking for /Applications/Xcode.app/Contents/Developer/Toolchains/XcodeDefault.xctoolchain/usr/bin/ld option to reload object files
configure:6046: result: -r
configure:6120: checking for objdump
configure:6136: found /usr/bin/objdump
configure:6147: result: objdump
configure:6179: checking how to recognize dependent libraries
configure:6379: result: pass_all
configure:6464: checking for dlltool
configure:6494: result: no
configure:6524: checking how to associate runtime and link libraries
configure:6551: result: printf %s\n
configure:6612: checking for ar
configure:6628: found /usr/bin/ar
configure:6639: result: ar
configure:6676: checking for archiver @FILE support
configure:6693: gcc -c   conftest.c >&5
configure:6693: $? = 0
configure:6696: ar cru libconftest.a @conftest.lst >&5
ar: @conftest.lst: No such file or directory
configure:6699: $? = 1
configure:6719: result: no
configure:6777: checking for strip
configure:6793: found /usr/bin/strip
configure:6804: result: strip
configure:6876: checking for ranlib
configure:6892: found /usr/bin/ranlib
configure:6903: result: ranlib
configure:7005: checking command to parse /usr/bin/nm -B output from gcc object
configure:7158: gcc -c   conftest.c >&5
configure:7161: $? = 0
configure:7165: /usr/bin/nm -B conftest.o \| sed -n -e 's/^.*[ ]\([BCDEGRST][BCDEGRST]*\)[ ][ ]*\([_A-Za-z][_A-Za-z0-9]*\)$/\1 \2 \2/p' | sed '/ __gnu_lto/d' \> conftest.nm
configure:7168: $? = 0
cannot find nm_test_var in conftest.nm
configure:7158: gcc -c   conftest.c >&5
configure:7161: $? = 0
configure:7165: /usr/bin/nm -B conftest.o \| sed -n -e 's/^.*[ ]\([BCDEGRST][BCDEGRST]*\)[ ][ ]*_\([_A-Za-z][_A-Za-z0-9]*\)$/\1 _\2 \2/p' | sed '/ __gnu_lto/d' \> conftest.nm
configure:7168: $? = 0
configure:7234: gcc -o conftest    conftest.c conftstm.o >&5
configure:7237: $? = 0
configure:7275: result: ok
configure:7322: checking for sysroot
configure:7352: result: no
configure:7359: checking for a working dd
configure:7397: result: /bin/dd
configure:7401: checking how to truncate binary pipes
configure:7416: result: /bin/dd bs=4096 count=1
configure:7745: checking for mt
configure:7775: result: no
configure:7795: checking if : is a manifest tool
configure:7801: : '-?'
configure:7809: result: no
configure:7865: checking for dsymutil
configure:7881: found /usr/bin/dsymutil
configure:7892: result: dsymutil
configure:7957: checking for nmedit
configure:7973: found /usr/bin/nmedit
configure:7984: result: nmedit
configure:8049: checking for lipo
configure:8065: found /usr/bin/lipo
configure:8076: result: lipo
configure:8141: checking for otool
configure:8157: found /usr/bin/otool
configure:8168: result: otool
configure:8233: checking for otool64
configure:8263: result: no
configure:8308: checking for -single_module linker flag
gcc   -o libconftest.dylib -dynamiclib -Wl,-single_module conftest.c
configure:8341: result: yes
configure:8344: checking for -exported_symbols_list linker flag
configure:8364: gcc -o conftest    -Wl,-exported_symbols_list,conftest.sym conftest.c  >&5
configure:8364: $? = 0
configure:8374: result: yes
configure:8377: checking for -force_load linker flag
gcc  -c -o conftest.o conftest.c
ar cru libconftest.a conftest.o
ranlib libconftest.a
gcc   -o conftest conftest.c -Wl,-force_load,./libconftest.a
configure:8409: result: yes
configure:8486: checking how to run the C preprocessor
configure:8517: gcc -E  conftest.c
configure:8517: $? = 0
configure:8531: gcc -E  conftest.c
conftest.c:11:10: fatal error: 'ac_nonexistent.h' file not found
#include <ac_nonexistent.h>
         ^~~~~~~~~~~~~~~~~~
1 error generated.
configure:8531: $? = 1
configure: failed program was:
| /* confdefs.h */
| #define PACKAGE_NAME "libffi"
| #define PACKAGE_TARNAME "libffi"
| #define PACKAGE_VERSION "3.299999"
| #define PACKAGE_STRING "libffi 3.299999"
| #define PACKAGE_BUGREPORT "http://github.com/libffi/libffi/issues"
| #define PACKAGE_URL ""
| #define PACKAGE "libffi"
| #define VERSION "3.299999"
| /* end confdefs.h.  */
| #include <ac_nonexistent.h>
configure:8556: result: gcc -E
configure:8576: gcc -E  conftest.c
configure:8576: $? = 0
configure:8590: gcc -E  conftest.c
conftest.c:11:10: fatal error: 'ac_nonexistent.h' file not found
#include <ac_nonexistent.h>
         ^~~~~~~~~~~~~~~~~~
1 error generated.
configure:8590: $? = 1
configure: failed program was:
| /* confdefs.h */
| #define PACKAGE_NAME "libffi"
| #define PACKAGE_TARNAME "libffi"
| #define PACKAGE_VERSION "3.299999"
| #define PACKAGE_STRING "libffi 3.299999"
| #define PACKAGE_BUGREPORT "http://github.com/libffi/libffi/issues"
| #define PACKAGE_URL ""
| #define PACKAGE "libffi"
| #define VERSION "3.299999"
| /* end confdefs.h.  */
| #include <ac_nonexistent.h>
configure:8619: checking for ANSI C header files
configure:8639: gcc -c   conftest.c >&5
configure:8639: $? = 0
configure:8712: gcc -o conftest    conftest.c  >&5
configure:8712: $? = 0
configure:8712: ./conftest
configure:8712: $? = 0
configure:8723: result: yes
configure:8736: checking for sys/types.h
configure:8736: gcc -c   conftest.c >&5
configure:8736: $? = 0
configure:8736: result: yes
configure:8736: checking for sys/stat.h
configure:8736: gcc -c   conftest.c >&5
configure:8736: $? = 0
configure:8736: result: yes
configure:8736: checking for stdlib.h
configure:8736: gcc -c   conftest.c >&5
configure:8736: $? = 0
configure:8736: result: yes
configure:8736: checking for string.h
configure:8736: gcc -c   conftest.c >&5
configure:8736: $? = 0
configure:8736: result: yes
configure:8736: checking for memory.h
configure:8736: gcc -c   conftest.c >&5
configure:8736: $? = 0
configure:8736: result: yes
configure:8736: checking for strings.h
configure:8736: gcc -c   conftest.c >&5
configure:8736: $? = 0
configure:8736: result: yes
configure:8736: checking for inttypes.h
configure:8736: gcc -c   conftest.c >&5
configure:8736: $? = 0
configure:8736: result: yes
configure:8736: checking for stdint.h
configure:8736: gcc -c   conftest.c >&5
configure:8736: $? = 0
configure:8736: result: yes
configure:8736: checking for unistd.h
configure:8736: gcc -c   conftest.c >&5
configure:8736: $? = 0
configure:8736: result: yes
configure:8750: checking for dlfcn.h
configure:8750: gcc -c   conftest.c >&5
configure:8750: $? = 0
configure:8750: result: yes
configure:9017: checking for objdir
configure:9032: result: .libs
configure:9296: checking if gcc supports -fno-rtti -fno-exceptions
configure:9314: gcc -c   -fno-rtti -fno-exceptions conftest.c >&5
configure:9318: $? = 0
configure:9331: result: yes
configure:9689: checking for gcc option to produce PIC
configure:9696: result: -fno-common -DPIC
configure:9704: checking if gcc PIC flag -fno-common -DPIC works
configure:9722: gcc -c   -fno-common -DPIC -DPIC conftest.c >&5
configure:9726: $? = 0
configure:9739: result: yes
configure:9768: checking if gcc static flag -static works
configure:9796: result: no
configure:9811: checking if gcc supports -c -o file.o
configure:9832: gcc -c   -o out/conftest2.o conftest.c >&5
configure:9836: $? = 0
configure:9858: result: yes
configure:9866: checking if gcc supports -c -o file.o
configure:9913: result: yes
configure:9946: checking whether the gcc linker (/Applications/Xcode.app/Contents/Developer/Toolchains/XcodeDefault.xctoolchain/usr/bin/ld) supports shared libraries
configure:11205: result: yes
configure:11445: checking dynamic linker characteristics
configure:12263: result: darwin17.7.0 dyld
configure:12385: checking how to hardcode library paths into programs
configure:12410: result: immediate
configure:12958: checking whether stripping libraries is possible
configure:12972: result: yes
configure:12998: checking if libtool supports shared libraries
configure:13000: result: yes
configure:13003: checking whether to build shared libraries
configure:13028: result: yes
configure:13031: checking whether to build static libraries
configure:13035: result: yes
configure:13058: checking how to run the C++ preprocessor
configure:13085: g++ -E  conftest.cpp
configure:13085: $? = 0
configure:13099: g++ -E  conftest.cpp
conftest.cpp:23:10: fatal error: 'ac_nonexistent.h' file not found
#include <ac_nonexistent.h>
         ^~~~~~~~~~~~~~~~~~
1 error generated.
configure:13099: $? = 1
configure: failed program was:
| /* confdefs.h */
| #define PACKAGE_NAME "libffi"
| #define PACKAGE_TARNAME "libffi"
| #define PACKAGE_VERSION "3.299999"
| #define PACKAGE_STRING "libffi 3.299999"
| #define PACKAGE_BUGREPORT "http://github.com/libffi/libffi/issues"
| #define PACKAGE_URL ""
| #define PACKAGE "libffi"
| #define VERSION "3.299999"
| #define STDC_HEADERS 1
| #define HAVE_SYS_TYPES_H 1
| #define HAVE_SYS_STAT_H 1
| #define HAVE_STDLIB_H 1
| #define HAVE_STRING_H 1
| #define HAVE_MEMORY_H 1
| #define HAVE_STRINGS_H 1
| #define HAVE_INTTYPES_H 1
| #define HAVE_STDINT_H 1
| #define HAVE_UNISTD_H 1
| #define HAVE_DLFCN_H 1
| #define LT_OBJDIR ".libs/"
| /* end confdefs.h.  */
| #include <ac_nonexistent.h>
configure:13124: result: g++ -E
configure:13144: g++ -E  conftest.cpp
configure:13144: $? = 0
configure:13158: g++ -E  conftest.cpp
conftest.cpp:23:10: fatal error: 'ac_nonexistent.h' file not found
#include <ac_nonexistent.h>
         ^~~~~~~~~~~~~~~~~~
1 error generated.
configure:13158: $? = 1
configure: failed program was:
| /* confdefs.h */
| #define PACKAGE_NAME "libffi"
| #define PACKAGE_TARNAME "libffi"
| #define PACKAGE_VERSION "3.299999"
| #define PACKAGE_STRING "libffi 3.299999"
| #define PACKAGE_BUGREPORT "http://github.com/libffi/libffi/issues"
| #define PACKAGE_URL ""
| #define PACKAGE "libffi"
| #define VERSION "3.299999"
| #define STDC_HEADERS 1
| #define HAVE_SYS_TYPES_H 1
| #define HAVE_SYS_STAT_H 1
| #define HAVE_STDLIB_H 1
| #define HAVE_STRING_H 1
| #define HAVE_MEMORY_H 1
| #define HAVE_STRINGS_H 1
| #define HAVE_INTTYPES_H 1
| #define HAVE_STDINT_H 1
| #define HAVE_UNISTD_H 1
| #define HAVE_DLFCN_H 1
| #define LT_OBJDIR ".libs/"
| /* end confdefs.h.  */
| #include <ac_nonexistent.h>
configure:13320: checking for ld used by g++
configure:13387: result: /Applications/Xcode.app/Contents/Developer/Toolchains/XcodeDefault.xctoolchain/usr/bin/ld
configure:13394: checking if the linker (/Applications/Xcode.app/Contents/Developer/Toolchains/XcodeDefault.xctoolchain/usr/bin/ld) is GNU ld
configure:13409: result: no
configure:13464: checking whether the g++ linker (/Applications/Xcode.app/Contents/Developer/Toolchains/XcodeDefault.xctoolchain/usr/bin/ld) supports shared libraries
configure:14537: result: yes
configure:14573: g++ -c -g -O2  conftest.cpp >&5
configure:14576: $? = 0
configure:15057: checking for g++ option to produce PIC
configure:15064: result: -fno-common -DPIC
configure:15072: checking if g++ PIC flag -fno-common -DPIC works
configure:15090: g++ -c -g -O2  -fno-common -DPIC -DPIC conftest.cpp >&5
configure:15094: $? = 0
configure:15107: result: yes
configure:15130: checking if g++ static flag -static works
configure:15158: result: no
configure:15170: checking if g++ supports -c -o file.o
configure:15191: g++ -c -g -O2  -o out/conftest2.o conftest.cpp >&5
configure:15195: $? = 0
configure:15217: result: yes
configure:15222: checking if g++ supports -c -o file.o
configure:15269: result: yes
configure:15299: checking whether the g++ linker (/Applications/Xcode.app/Contents/Developer/Toolchains/XcodeDefault.xctoolchain/usr/bin/ld) supports shared libraries
configure:15339: result: yes
configure:15480: checking dynamic linker characteristics
configure:16225: result: darwin17.7.0 dyld
configure:16290: checking how to hardcode library paths into programs
configure:16315: result: immediate
configure:16383: checking size of size_t
configure:16388: gcc -o conftest    conftest.c  >&5
configure:16388: $? = 0
configure:16388: ./conftest
configure:16388: $? = 0
configure:16402: result: 8
configure:16413: checking for C compiler vendor
configure:16460: gcc -c   conftest.c >&5
conftest.c:30:9: error: use of undeclared identifier 'thisisanerror'
        thisisanerror;
        ^
1 error generated.
configure:16460: $? = 1
configure: failed program was:
| /* confdefs.h */
| #define PACKAGE_NAME "libffi"
| #define PACKAGE_TARNAME "libffi"
| #define PACKAGE_VERSION "3.299999"
| #define PACKAGE_STRING "libffi 3.299999"
| #define PACKAGE_BUGREPORT "http://github.com/libffi/libffi/issues"
| #define PACKAGE_URL ""
| #define PACKAGE "libffi"
| #define VERSION "3.299999"
| #define STDC_HEADERS 1
| #define HAVE_SYS_TYPES_H 1
| #define HAVE_SYS_STAT_H 1
| #define HAVE_STDLIB_H 1
| #define HAVE_STRING_H 1
| #define HAVE_MEMORY_H 1
| #define HAVE_STRINGS_H 1
| #define HAVE_INTTYPES_H 1
| #define HAVE_STDINT_H 1
| #define HAVE_UNISTD_H 1
| #define HAVE_DLFCN_H 1
| #define LT_OBJDIR ".libs/"
| #define SIZEOF_SIZE_T 8
| /* end confdefs.h.  */
| 
| int
| main ()
| {
| 
|       #if !(defined(__ICC) || defined(__ECC) || defined(__INTEL_COMPILER))
|         thisisanerror;
|       #endif
| 
|   ;
|   return 0;
| }
configure:16460: gcc -c   conftest.c >&5
conftest.c:30:9: error: use of undeclared identifier 'thisisanerror'
        thisisanerror;
        ^
1 error generated.
configure:16460: $? = 1
configure: failed program was:
| /* confdefs.h */
| #define PACKAGE_NAME "libffi"
| #define PACKAGE_TARNAME "libffi"
| #define PACKAGE_VERSION "3.299999"
| #define PACKAGE_STRING "libffi 3.299999"
| #define PACKAGE_BUGREPORT "http://github.com/libffi/libffi/issues"
| #define PACKAGE_URL ""
| #define PACKAGE "libffi"
| #define VERSION "3.299999"
| #define STDC_HEADERS 1
| #define HAVE_SYS_TYPES_H 1
| #define HAVE_SYS_STAT_H 1
| #define HAVE_STDLIB_H 1
| #define HAVE_STRING_H 1
| #define HAVE_MEMORY_H 1
| #define HAVE_STRINGS_H 1
| #define HAVE_INTTYPES_H 1
| #define HAVE_STDINT_H 1
| #define HAVE_UNISTD_H 1
| #define HAVE_DLFCN_H 1
| #define LT_OBJDIR ".libs/"
| #define SIZEOF_SIZE_T 8
| /* end confdefs.h.  */
| 
| int
| main ()
| {
| 
|       #if !(defined(__xlc__) || defined(__xlC__) || defined(__IBMC__) || defined(__IBMCPP__))
|         thisisanerror;
|       #endif
| 
|   ;
|   return 0;
| }
configure:16460: gcc -c   conftest.c >&5
conftest.c:30:9: error: use of undeclared identifier 'thisisanerror'
        thisisanerror;
        ^
1 error generated.
configure:16460: $? = 1
configure: failed program was:
| /* confdefs.h */
| #define PACKAGE_NAME "libffi"
| #define PACKAGE_TARNAME "libffi"
| #define PACKAGE_VERSION "3.299999"
| #define PACKAGE_STRING "libffi 3.299999"
| #define PACKAGE_BUGREPORT "http://github.com/libffi/libffi/issues"
| #define PACKAGE_URL ""
| #define PACKAGE "libffi"
| #define VERSION "3.299999"
| #define STDC_HEADERS 1
| #define HAVE_SYS_TYPES_H 1
| #define HAVE_SYS_STAT_H 1
| #define HAVE_STDLIB_H 1
| #define HAVE_STRING_H 1
| #define HAVE_MEMORY_H 1
| #define HAVE_STRINGS_H 1
| #define HAVE_INTTYPES_H 1
| #define HAVE_STDINT_H 1
| #define HAVE_UNISTD_H 1
| #define HAVE_DLFCN_H 1
| #define LT_OBJDIR ".libs/"
| #define SIZEOF_SIZE_T 8
| /* end confdefs.h.  */
| 
| int
| main ()
| {
| 
|       #if !(defined(__PATHCC__) || defined(__PATHSCALE__))
|         thisisanerror;
|       #endif
| 
|   ;
|   return 0;
| }
configure:16460: gcc -c   conftest.c >&5
configure:16460: $? = 0
configure:16468: result: clang
configure:17252: checking whether C compiler accepts -O3
configure:17271: gcc -c -O3  -O3  conftest.c >&5
configure:17271: $? = 0
configure:17280: result: yes
configure:17309: checking CFLAGS for maximum warnings
configure:17329: gcc -c -O3 -warn all  -warn all  conftest.c >&5
clang: error: unknown argument: '-warn'
clang: error: unknown argument: '-warn'
clang: error: no such file or directory: 'all'
clang: error: no such file or directory: 'all'
configure:17329: $? = 1
configure: failed program was:
| /* confdefs.h */
| #define PACKAGE_NAME "libffi"
| #define PACKAGE_TARNAME "libffi"
| #define PACKAGE_VERSION "3.299999"
| #define PACKAGE_STRING "libffi 3.299999"
| #define PACKAGE_BUGREPORT "http://github.com/libffi/libffi/issues"
| #define PACKAGE_URL ""
| #define PACKAGE "libffi"
| #define VERSION "3.299999"
| #define STDC_HEADERS 1
| #define HAVE_SYS_TYPES_H 1
| #define HAVE_SYS_STAT_H 1
| #define HAVE_STDLIB_H 1
| #define HAVE_STRING_H 1
| #define HAVE_MEMORY_H 1
| #define HAVE_STRINGS_H 1
| #define HAVE_INTTYPES_H 1
| #define HAVE_STDINT_H 1
| #define HAVE_UNISTD_H 1
| #define HAVE_DLFCN_H 1
| #define LT_OBJDIR ".libs/"
| #define SIZEOF_SIZE_T 8
| /* end confdefs.h.  */
| 
| int
| main ()
| {
| 
|   ;
|   return 0;
| }
configure:17329: gcc -c -O3 -pedantic  -Wall  conftest.c >&5
configure:17329: $? = 0
configure:17337: result: -Wall
configure:17357: : CFLAGS="$CFLAGS"
configure:17360: $? = 0
configure:17397: checking whether to enable maintainer-specific portions of Makefiles
configure:17406: result: no
configure:17422: checking sys/mman.h usability
configure:17422: gcc -c -O3 -Wall -fexceptions  conftest.c >&5
configure:17422: $? = 0
configure:17422: result: yes
configure:17422: checking sys/mman.h presence
configure:17422: gcc -E  conftest.c
configure:17422: $? = 0
configure:17422: result: yes
configure:17422: checking for sys/mman.h
configure:17422: result: yes
configure:17435: checking for mmap
configure:17435: gcc -o conftest -O3 -Wall -fexceptions   conftest.c  >&5
configure:17435: $? = 0
configure:17435: result: yes
configure:17435: checking for mkostemp
configure:17435: gcc -o conftest -O3 -Wall -fexceptions   conftest.c  >&5
configure:17435: $? = 0
configure:17435: result: yes
configure:17445: checking for sys/mman.h
configure:17445: result: yes
configure:17453: checking for mmap
configure:17453: result: yes
configure:17466: checking whether read-only mmap of a plain file works
configure:17483: result: yes
configure:17485: checking whether mmap from /dev/zero works
configure:17507: result: no
configure:17511: checking for MAP_ANON(YMOUS)
configure:17534: gcc -c -O3 -Wall -fexceptions  conftest.c >&5
conftest.c:38:5: warning: unused variable 'n' [-Wunused-variable]
int n = MAP_ANONYMOUS;
    ^
1 warning generated.
configure:17534: $? = 0
configure:17541: result: yes
configure:17547: checking whether mmap with MAP_ANON(YMOUS) works
configure:17564: result: yes
configure:17607: checking for ANSI C header files
configure:17711: result: yes
configure:17721: checking for memcpy
configure:17721: gcc -o conftest -O3 -Wall -fexceptions   conftest.c  >&5
conftest.c:53:6: warning: incompatible redeclaration of library function 'memcpy' [-Wincompatible-library-redeclaration]
char memcpy ();
     ^
conftest.c:53:6: note: 'memcpy' is a builtin with type 'void *(void *, const void *, unsigned long)'
1 warning generated.
configure:17721: $? = 0
configure:17721: result: yes
configure:17730: checking for size_t
configure:17730: gcc -c -O3 -Wall -fexceptions  conftest.c >&5
configure:17730: $? = 0
configure:17730: gcc -c -O3 -Wall -fexceptions  conftest.c >&5
conftest.c:67:21: error: expected expression
if (sizeof ((size_t)))
                    ^
1 error generated.
configure:17730: $? = 1
configure: failed program was:
| /* confdefs.h */
| #define PACKAGE_NAME "libffi"
| #define PACKAGE_TARNAME "libffi"
| #define PACKAGE_VERSION "3.299999"
| #define PACKAGE_STRING "libffi 3.299999"
| #define PACKAGE_BUGREPORT "http://github.com/libffi/libffi/issues"
| #define PACKAGE_URL ""
| #define PACKAGE "libffi"
| #define VERSION "3.299999"
| #define STDC_HEADERS 1
| #define HAVE_SYS_TYPES_H 1
| #define HAVE_SYS_STAT_H 1
| #define HAVE_STDLIB_H 1
| #define HAVE_STRING_H 1
| #define HAVE_MEMORY_H 1
| #define HAVE_STRINGS_H 1
| #define HAVE_INTTYPES_H 1
| #define HAVE_STDINT_H 1
| #define HAVE_UNISTD_H 1
| #define HAVE_DLFCN_H 1
| #define LT_OBJDIR ".libs/"
| #define SIZEOF_SIZE_T 8
| #define HAVE_SYS_MMAN_H 1
| #define HAVE_MMAP 1
| #define HAVE_MKOSTEMP 1
| #define HAVE_MMAP_FILE 1
| #define HAVE_MMAP_ANON 1
| #define STDC_HEADERS 1
| #define HAVE_MEMCPY 1
| /* end confdefs.h.  */
| #include <stdio.h>
| #ifdef HAVE_SYS_TYPES_H
| # include <sys/types.h>
| #endif
| #ifdef HAVE_SYS_STAT_H
| # include <sys/stat.h>
| #endif
| #ifdef STDC_HEADERS
| # include <stdlib.h>
| # include <stddef.h>
| #else
| # ifdef HAVE_STDLIB_H
| #  include <stdlib.h>
| # endif
| #endif
| #ifdef HAVE_STRING_H
| # if !defined STDC_HEADERS && defined HAVE_MEMORY_H
| #  include <memory.h>
| # endif
| # include <string.h>
| #endif
| #ifdef HAVE_STRINGS_H
| # include <strings.h>
| #endif
| #ifdef HAVE_INTTYPES_H
| # include <inttypes.h>
| #endif
| #ifdef HAVE_STDINT_H
| # include <stdint.h>
| #endif
| #ifdef HAVE_UNISTD_H
| # include <unistd.h>
| #endif
| int
| main ()
| {
| if (sizeof ((size_t)))
| 	    return 0;
|   ;
|   return 0;
| }
configure:17730: result: yes
configure:17743: checking for working alloca.h
configure:17760: gcc -o conftest -O3 -Wall -fexceptions   conftest.c  >&5
configure:17760: $? = 0
configure:17768: result: yes
configure:17776: checking for alloca
configure:17813: gcc -o conftest -O3 -Wall -fexceptions   conftest.c  >&5
configure:17813: $? = 0
configure:17821: result: yes
configure:17932: checking size of double
configure:17937: gcc -o conftest -O3 -Wall -fexceptions   conftest.c  >&5
configure:17937: $? = 0
configure:17937: ./conftest
configure:17937: $? = 0
configure:17951: result: 8
configure:17965: checking size of long double
configure:17970: gcc -o conftest -O3 -Wall -fexceptions   conftest.c  >&5
configure:17970: $? = 0
configure:17970: ./conftest
configure:17970: $? = 0
configure:17984: result: 16
configure:18017: checking whether byte ordering is bigendian
configure:18032: gcc -c -O3 -Wall -fexceptions  conftest.c >&5
configure:18032: $? = 0
configure:18077: gcc -c -O3 -Wall -fexceptions  conftest.c >&5
configure:18077: $? = 0
configure:18095: gcc -c -O3 -Wall -fexceptions  conftest.c >&5
conftest.c:43:4: error: use of undeclared identifier 'not'
                 not big endian
                 ^
1 error generated.
configure:18095: $? = 1
configure: failed program was:
| /* confdefs.h */
| #define PACKAGE_NAME "libffi"
| #define PACKAGE_TARNAME "libffi"
| #define PACKAGE_VERSION "3.299999"
| #define PACKAGE_STRING "libffi 3.299999"
| #define PACKAGE_BUGREPORT "http://github.com/libffi/libffi/issues"
| #define PACKAGE_URL ""
| #define PACKAGE "libffi"
| #define VERSION "3.299999"
| #define STDC_HEADERS 1
| #define HAVE_SYS_TYPES_H 1
| #define HAVE_SYS_STAT_H 1
| #define HAVE_STDLIB_H 1
| #define HAVE_STRING_H 1
| #define HAVE_MEMORY_H 1
| #define HAVE_STRINGS_H 1
| #define HAVE_INTTYPES_H 1
| #define HAVE_STDINT_H 1
| #define HAVE_UNISTD_H 1
| #define HAVE_DLFCN_H 1
| #define LT_OBJDIR ".libs/"
| #define SIZEOF_SIZE_T 8
| #define HAVE_SYS_MMAN_H 1
| #define HAVE_MMAP 1
| #define HAVE_MKOSTEMP 1
| #define HAVE_MMAP_FILE 1
| #define HAVE_MMAP_ANON 1
| #define STDC_HEADERS 1
| #define HAVE_MEMCPY 1
| #define HAVE_ALLOCA_H 1
| #define HAVE_ALLOCA 1
| #define SIZEOF_DOUBLE 8
| #define SIZEOF_LONG_DOUBLE 16
| #define HAVE_LONG_DOUBLE 1
| /* end confdefs.h.  */
| #include <sys/types.h>
| 		#include <sys/param.h>
| 
| int
| main ()
| {
| #if BYTE_ORDER != BIG_ENDIAN
| 		 not big endian
| 		#endif
| 
|   ;
|   return 0;
| }
configure:18223: result: no
configure:18242: checking assembler .cfi pseudo-op support
configure:18260: gcc -c -O3 -Wall -fexceptions  conftest.c >&5
configure:18260: $? = 0
configure:18268: result: yes
configure:18355: checking assembler supports pc related relocs
configure:18368: result: yes
configure:18414: checking for _ prefix in compiled symbols
configure:18424: gcc -c -O3 -Wall -fexceptions  conftest.c >&5
conftest.c:2:12: warning: expression result unused [-Wunused-value]
int main(){nm_test_func;return 0;}
           ^~~~~~~~~~~~
1 warning generated.
configure:18427: $? = 0
configure:18431: /usr/bin/nm -B conftest.o \| sed -n -e 's/^.*[	 ]\([BCDEGRST][BCDEGRST]*\)[	 ][	 ]*_\([_A-Za-z][_A-Za-z0-9]*\)$/\1 _\2 \2/p' | sed '/ __gnu_lto/d' \> conftest.nm
configure:18434: $? = 0
configure:18456: result: yes
configure:18492: checking toolchain supports unwind section type
configure:18521: result: no
configure:18531: checking whether .eh_frame section should be read-only
configure:18553: result: no
configure:18568: checking for __attribute__((visibility("hidden")))
configure:18577: gcc -Werror -S conftest.c -o conftest.s 1>&5
configure:18580: $? = 0
configure:18589: result: no
configure:18728: checking for ld used by gcc
configure:18795: result: /Applications/Xcode.app/Contents/Developer/Toolchains/XcodeDefault.xctoolchain/usr/bin/ld
configure:18802: checking if the linker (/Applications/Xcode.app/Contents/Developer/Toolchains/XcodeDefault.xctoolchain/usr/bin/ld) is GNU ld
configure:18817: result: no
configure:19130: versioning on shared library symbols is no
configure:19254: checking that generated files are newer than configure
configure:19260: result: done
configure:19328: creating ./config.status

## ---------------------- ##
## Running config.status. ##
## ---------------------- ##

This file was extended by libffi config.status 3.299999, which was
generated by GNU Autoconf 2.69.  Invocation command line was

  CONFIG_FILES    = 
  CONFIG_HEADERS  = 
  CONFIG_LINKS    = 
  CONFIG_COMMANDS = 
  $ ./config.status 

on ZHIYANG-MC0

config.status:1227: creating include/Makefile
config.status:1227: creating include/ffi.h
config.status:1227: creating Makefile
config.status:1227: creating testsuite/Makefile
config.status:1227: creating man/Makefile
config.status:1227: creating doc/Makefile
config.status:1227: creating libffi.pc
config.status:1227: creating fficonfig.h
config.status:1453: linking ../src/x86/ffitarget.h to include/ffitarget.h
config.status:1472: executing buildir commands
config.status:1502: create top_srcdir/Makefile guessed from local Makefile
config.status:1594: buggy sed found - it deletes tab in "a" text parts
config.status:1617: build in x86_64-apple-darwin17.7.0 (HOST=)
config.status:1472: executing depfiles commands
config.status:1693: cd .       && sed -e '/# am--include-marker/d' Makefile         | make -f - am--depfiles
config.status:1698: $? = 0
config.status:1472: executing libtool commands
config.status:1472: executing include commands
config.status:1472: executing src commands

## ---------------- ##
## Cache variables. ##
## ---------------- ##

ac_cv_build=x86_64-apple-darwin17.7.0
ac_cv_c_bigendian=no
ac_cv_c_compiler_gnu=yes
ac_cv_cflags_warn_all=-Wall
ac_cv_cxx_compiler_gnu=yes
ac_cv_decl_map_anon=yes
ac_cv_env_CCASFLAGS_set=
ac_cv_env_CCASFLAGS_value=
ac_cv_env_CCAS_set=
ac_cv_env_CCAS_value=
ac_cv_env_CPPFLAGS_set=
ac_cv_env_CPPFLAGS_value=
ac_cv_env_CPP_set=
ac_cv_env_CPP_value=
ac_cv_env_CXXCPP_set=
ac_cv_env_CXXCPP_value=
ac_cv_env_LT_SYS_LIBRARY_PATH_set=
ac_cv_env_LT_SYS_LIBRARY_PATH_value=
ac_cv_env_build_alias_set=
ac_cv_env_build_alias_value=
ac_cv_env_host_alias_set=
ac_cv_env_host_alias_value=
ac_cv_env_target_alias_set=
ac_cv_env_target_alias_value=
ac_cv_func_alloca_works=yes
ac_cv_func_memcpy=yes
ac_cv_func_mkostemp=yes
ac_cv_func_mmap=yes
ac_cv_func_mmap_anon=yes
ac_cv_func_mmap_dev_zero=no
ac_cv_func_mmap_file=yes
ac_cv_header_dlfcn_h=yes
ac_cv_header_inttypes_h=yes
ac_cv_header_memory_h=yes
ac_cv_header_stdc=yes
ac_cv_header_stdint_h=yes
ac_cv_header_stdlib_h=yes
ac_cv_header_string_h=yes
ac_cv_header_strings_h=yes
ac_cv_header_sys_mman_h=yes
ac_cv_header_sys_stat_h=yes
ac_cv_header_sys_types_h=yes
ac_cv_header_unistd_h=yes
ac_cv_host=x86_64-apple-darwin17.7.0
ac_cv_objext=o
ac_cv_path_EGREP='/usr/bin/grep -E'
ac_cv_path_FGREP='/usr/bin/grep -F'
ac_cv_path_GREP=/usr/bin/grep
ac_cv_path_SED=/usr/bin/sed
ac_cv_path_ax_enable_builddir_sed=sed
ac_cv_path_install='/usr/bin/install -c'
ac_cv_path_lt_DD=/bin/dd
ac_cv_prog_AWK=awk
ac_cv_prog_CPP='gcc -E'
ac_cv_prog_CXXCPP='g++ -E'
ac_cv_prog_ac_ct_AR=ar
ac_cv_prog_ac_ct_CC=gcc
ac_cv_prog_ac_ct_CXX=g++
ac_cv_prog_ac_ct_DSYMUTIL=dsymutil
ac_cv_prog_ac_ct_LIPO=lipo
ac_cv_prog_ac_ct_NMEDIT=nmedit
ac_cv_prog_ac_ct_OBJDUMP=objdump
ac_cv_prog_ac_ct_OTOOL=otool
ac_cv_prog_ac_ct_RANLIB=ranlib
ac_cv_prog_ac_ct_STRIP=strip
ac_cv_prog_cc_c89=
ac_cv_prog_cc_g=yes
ac_cv_prog_cxx_g=yes
ac_cv_prog_make_make_set=yes
ac_cv_sizeof_double=8
ac_cv_sizeof_long_double=16
ac_cv_sizeof_size_t=8
ac_cv_target=x86_64-apple-darwin17.7.0
ac_cv_type_size_t=yes
ac_cv_working_alloca_h=yes
am_cv_CCAS_dependencies_compiler_type=gcc3
am_cv_CC_dependencies_compiler_type=gcc3
am_cv_CXX_dependencies_compiler_type=gcc3
am_cv_make_support_nested_variables=yes
am_cv_prog_cc_c_o=yes
ax_cv_c_compiler_vendor=clang
ax_cv_check_cflags___O3=yes
gcc_cv_as_cfi_pseudo_op=yes
libffi_cv_as_x86_64_unwind_section_type=no
libffi_cv_as_x86_pcrel=yes
libffi_cv_hidden_visibility_attribute=no
libffi_cv_ro_eh_frame=no
lt_cv_apple_cc_single_mod=yes
lt_cv_ar_at_file=no
lt_cv_deplibs_check_method=pass_all
lt_cv_file_magic_cmd='$MAGIC_CMD'
lt_cv_file_magic_test_file=
lt_cv_ld_exported_symbols_list=yes
lt_cv_ld_force_load=yes
lt_cv_ld_reload_flag=-r
lt_cv_nm_interface='BSD nm'
lt_cv_objdir=.libs
lt_cv_path_LD=/Applications/Xcode.app/Contents/Developer/Toolchains/XcodeDefault.xctoolchain/usr/bin/ld
lt_cv_path_LDCXX=/Applications/Xcode.app/Contents/Developer/Toolchains/XcodeDefault.xctoolchain/usr/bin/ld
lt_cv_path_NM='/usr/bin/nm -B'
lt_cv_path_mainfest_tool=no
lt_cv_prog_compiler_c_o=yes
lt_cv_prog_compiler_c_o_CXX=yes
lt_cv_prog_compiler_pic='-fno-common -DPIC'
lt_cv_prog_compiler_pic_CXX='-fno-common -DPIC'
lt_cv_prog_compiler_pic_works=yes
lt_cv_prog_compiler_pic_works_CXX=yes
lt_cv_prog_compiler_rtti_exceptions=yes
lt_cv_prog_compiler_static_works=no
lt_cv_prog_compiler_static_works_CXX=no
lt_cv_prog_gnu_ld=no
lt_cv_prog_gnu_ldcxx=no
lt_cv_sharedlib_from_linklib_cmd='printf %s\n'
lt_cv_sys_global_symbol_pipe='sed -n -e '\''s/^.*[	 ]\([BCDEGRST][BCDEGRST]*\)[	 ][	 ]*_\([_A-Za-z][_A-Za-z0-9]*\)$/\1 _\2 \2/p'\'' | sed '\''/ __gnu_lto/d'\'''
lt_cv_sys_global_symbol_to_c_name_address='sed -n -e '\''s/^: \(.*\) .*$/  {"\1", (void *) 0},/p'\'' -e '\''s/^[BCDEGRST][BCDEGRST]* .* \(.*\)$/  {"\1", (void *) \&\1},/p'\'''
lt_cv_sys_global_symbol_to_c_name_address_lib_prefix='sed -n -e '\''s/^: \(.*\) .*$/  {"\1", (void *) 0},/p'\'' -e '\''s/^[BCDEGRST][BCDEGRST]* .* \(lib.*\)$/  {"\1", (void *) \&\1},/p'\'' -e '\''s/^[BCDEGRST][BCDEGRST]* .* \(.*\)$/  {"lib\1", (void *) \&\1},/p'\'''
lt_cv_sys_global_symbol_to_cdecl='sed -n -e '\''s/^T .* \(.*\)$/extern int \1();/p'\'' -e '\''s/^[BCDEGRST][BCDEGRST]* .* \(.*\)$/extern char \1;/p'\'''
lt_cv_sys_global_symbol_to_import=
lt_cv_sys_max_cmd_len=196608
lt_cv_sys_symbol_underscore=yes
lt_cv_to_host_file_cmd=func_convert_file_noop
lt_cv_to_tool_file_cmd=func_convert_file_noop
lt_cv_truncate_bin='/bin/dd bs=4096 count=1'

## ----------------- ##
## Output variables. ##
## ----------------- ##

ACLOCAL='${SHELL} /Users/zhiyangfu/Workspace/iOS/repos/BlockHook-master/BlockHook/libffi/missing aclocal-1.16'
ALLOCA=''
AMDEPBACKSLASH='\'
AMDEP_FALSE='#'
AMDEP_TRUE=''
AMTAR='$${TAR-tar}'
AM_BACKSLASH='\'
AM_DEFAULT_V='$(AM_DEFAULT_VERBOSITY)'
AM_DEFAULT_VERBOSITY='1'
AM_LTLDFLAGS=''
AM_RUNTESTFLAGS=''
AM_V='$(V)'
AR='ar'
AUTOCONF='${SHELL} /Users/zhiyangfu/Workspace/iOS/repos/BlockHook-master/BlockHook/libffi/missing autoconf'
AUTOHEADER='${SHELL} /Users/zhiyangfu/Workspace/iOS/repos/BlockHook-master/BlockHook/libffi/missing autoheader'
AUTOMAKE='${SHELL} /Users/zhiyangfu/Workspace/iOS/repos/BlockHook-master/BlockHook/libffi/missing automake-1.16'
AWK='awk'
BUILD_DOCS_FALSE='#'
BUILD_DOCS_TRUE=''
CC='gcc'
CCAS='gcc'
CCASDEPMODE='depmode=gcc3'
CCASFLAGS=''
CCDEPMODE='depmode=gcc3'
CFLAGS='-O3 -Wall -fexceptions'
CPP='gcc -E'
CPPFLAGS=''
CXX='g++'
CXXCPP='g++ -E'
CXXDEPMODE='depmode=gcc3'
CXXFLAGS='-g -O2'
CYGPATH_W='echo'
DEFS='-DHAVE_CONFIG_H'
DEPDIR='.deps'
DLLTOOL='false'
DSYMUTIL='dsymutil'
DUMPBIN=''
ECHO_C='\c'
ECHO_N=''
ECHO_T=''
EGREP='/usr/bin/grep -E'
EXEEXT=''
FFI_DEBUG_FALSE=''
FFI_DEBUG_TRUE='#'
FFI_EXEC_TRAMPOLINE_TABLE='0'
FFI_EXEC_TRAMPOLINE_TABLE_FALSE=''
FFI_EXEC_TRAMPOLINE_TABLE_TRUE='#'
FGREP='/usr/bin/grep -F'
GREP='/usr/bin/grep'
HAVE_LONG_DOUBLE='1'
HAVE_LONG_DOUBLE_VARIANT='0'
INSTALL_DATA='${INSTALL} -m 644'
INSTALL_PROGRAM='${INSTALL}'
INSTALL_SCRIPT='${INSTALL}'
INSTALL_STRIP_PROGRAM='$(install_sh) -c -s'
LD='/Applications/Xcode.app/Contents/Developer/Toolchains/XcodeDefault.xctoolchain/usr/bin/ld'
LDFLAGS=''
LIBFFI_BUILD_VERSIONED_SHLIB_FALSE=''
LIBFFI_BUILD_VERSIONED_SHLIB_GNU_FALSE=''
LIBFFI_BUILD_VERSIONED_SHLIB_GNU_TRUE='#'
LIBFFI_BUILD_VERSIONED_SHLIB_SUN_FALSE=''
LIBFFI_BUILD_VERSIONED_SHLIB_SUN_TRUE='#'
LIBFFI_BUILD_VERSIONED_SHLIB_TRUE='#'
LIBOBJS=''
LIBS=''
LIBTOOL='$(SHELL) $(top_builddir)/libtool'
LIPO='lipo'
LN_S='ln -s'
LTLIBOBJS=''
LT_SYS_LIBRARY_PATH=''
MAINT='#'
MAINTAINER_MODE_FALSE=''
MAINTAINER_MODE_TRUE='#'
MAKEINFO='${SHELL} /Users/zhiyangfu/Workspace/iOS/repos/BlockHook-master/BlockHook/libffi/missing makeinfo'
MANIFEST_TOOL=':'
MKDIR_P='../install-sh -c -d'
NM='/usr/bin/nm -B'
NMEDIT='nmedit'
OBJDUMP='objdump'
OBJEXT='o'
OPT_LDFLAGS=''
OTOOL64=':'
OTOOL='otool'
PACKAGE='libffi'
PACKAGE_BUGREPORT='http://github.com/libffi/libffi/issues'
PACKAGE_NAME='libffi'
PACKAGE_STRING='libffi 3.299999'
PACKAGE_TARNAME='libffi'
PACKAGE_URL=''
PACKAGE_VERSION='3.299999'
PATH_SEPARATOR=':'
PRTDIAG=''
RANLIB='ranlib'
SECTION_LDFLAGS=''
SED='/usr/bin/sed'
SET_MAKE=''
SHELL='/bin/sh'
STRIP='strip'
TARGET='X86_64'
TARGETDIR='x86'
TARGET_OBJ=' src/x86/ffi64.lo src/x86/unix64.lo src/x86/ffiw64.lo src/x86/win64.lo'
TESTSUBDIR_FALSE='#'
TESTSUBDIR_TRUE=''
VERSION='3.299999'
ac_ct_AR='ar'
ac_ct_CC='gcc'
ac_ct_CXX='g++'
ac_ct_DUMPBIN=''
am__EXEEXT_FALSE=''
am__EXEEXT_TRUE='#'
am__fastdepCCAS_FALSE='#'
am__fastdepCCAS_TRUE=''
am__fastdepCC_FALSE='#'
am__fastdepCC_TRUE=''
am__fastdepCXX_FALSE='#'
am__fastdepCXX_TRUE=''
am__include='include'
am__isrc=' -I$(srcdir)'
am__leading_dot='.'
am__nodep='_no'
am__quote=''
am__tar='$${TAR-tar} chof - "$$tardir"'
am__untar='$${TAR-tar} xf -'
ax_enable_builddir_sed='sed'
bindir='${exec_prefix}/bin'
build='x86_64-apple-darwin17.7.0'
build_alias=''
build_cpu='x86_64'
build_os='darwin17.7.0'
build_vendor='apple'
datadir='${datarootdir}'
datarootdir='${prefix}/share'
docdir='${datarootdir}/doc/${PACKAGE_TARNAME}'
dvidir='${docdir}'
exec_prefix='${prefix}'
host='x86_64-apple-darwin17.7.0'
host_alias=''
host_cpu='x86_64'
host_os='darwin17.7.0'
host_vendor='apple'
htmldir='${docdir}'
includedir='${prefix}/include'
infodir='${datarootdir}/info'
install_sh='${SHELL} /Users/zhiyangfu/Workspace/iOS/repos/BlockHook-master/BlockHook/libffi/install-sh'
libdir='${exec_prefix}/lib'
libexecdir='${exec_prefix}/libexec'
localedir='${datarootdir}/locale'
localstatedir='${prefix}/var'
mandir='${datarootdir}/man'
mkdir_p='$(MKDIR_P)'
oldincludedir='/usr/include'
pdfdir='${docdir}'
prefix='/usr/local'
program_transform_name='s,x,x,'
psdir='${docdir}'
sbindir='${exec_prefix}/sbin'
sharedstatedir='${prefix}/com'
sys_symbol_underscore='yes'
sysconfdir='${prefix}/etc'
target='x86_64-apple-darwin17.7.0'
target_alias=''
target_cpu='x86_64'
target_os='darwin17.7.0'
target_vendor='apple'
toolexecdir='${exec_prefix}/lib/gcc-lib/$(target_alias)'
toolexeclibdir='${exec_prefix}/lib'

## ----------- ##
## confdefs.h. ##
## ----------- ##

/* confdefs.h */
#define PACKAGE_NAME "libffi"
#define PACKAGE_TARNAME "libffi"
#define PACKAGE_VERSION "3.299999"
#define PACKAGE_STRING "libffi 3.299999"
#define PACKAGE_BUGREPORT "http://github.com/libffi/libffi/issues"
#define PACKAGE_URL ""
#define PACKAGE "libffi"
#define VERSION "3.299999"
#define STDC_HEADERS 1
#define HAVE_SYS_TYPES_H 1
#define HAVE_SYS_STAT_H 1
#define HAVE_STDLIB_H 1
#define HAVE_STRING_H 1
#define HAVE_MEMORY_H 1
#define HAVE_STRINGS_H 1
#define HAVE_INTTYPES_H 1
#define HAVE_STDINT_H 1
#define HAVE_UNISTD_H 1
#define HAVE_DLFCN_H 1
#define LT_OBJDIR ".libs/"
#define SIZEOF_SIZE_T 8
#define HAVE_SYS_MMAN_H 1
#define HAVE_MMAP 1
#define HAVE_MKOSTEMP 1
#define HAVE_MMAP_FILE 1
#define HAVE_MMAP_ANON 1
#define STDC_HEADERS 1
#define HAVE_MEMCPY 1
#define HAVE_ALLOCA_H 1
#define HAVE_ALLOCA 1
#define SIZEOF_DOUBLE 8
#define SIZEOF_LONG_DOUBLE 16
#define HAVE_LONG_DOUBLE 1
#define HAVE_AS_CFI_PSEUDO_OP 1
#define HAVE_AS_X86_PCREL 1
#define SYMBOL_UNDERSCORE 1
#define FFI_MMAP_EXEC_WRIT 1
#define EH_FRAME_FLAGS "aw"

configure: exit 0

## ---------------- ##
## Cache variables. ##
## ---------------- ##

ac_cv_build=x86_64-apple-darwin17.7.0
ac_cv_env_CCASFLAGS_set=
ac_cv_env_CCASFLAGS_value=
ac_cv_env_CCAS_set=
ac_cv_env_CCAS_value=
ac_cv_env_CPPFLAGS_set=
ac_cv_env_CPPFLAGS_value=
ac_cv_env_CPP_set=
ac_cv_env_CPP_value=
ac_cv_env_CXXCPP_set=
ac_cv_env_CXXCPP_value=
ac_cv_env_LT_SYS_LIBRARY_PATH_set=
ac_cv_env_LT_SYS_LIBRARY_PATH_value=
ac_cv_env_build_alias_set=
ac_cv_env_build_alias_value=
ac_cv_env_host_alias_set=
ac_cv_env_host_alias_value=
ac_cv_env_target_alias_set=
ac_cv_env_target_alias_value=
ac_cv_host=x86_64-apple-darwin17.7.0
ac_cv_target=x86_64-apple-darwin17.7.0

## ----------------- ##
## Output variables. ##
## ----------------- ##

ACLOCAL=''
ALLOCA=''
AMDEPBACKSLASH=''
AMDEP_FALSE=''
AMDEP_TRUE=''
AMTAR=''
AM_BACKSLASH=''
AM_DEFAULT_V=''
AM_DEFAULT_VERBOSITY=''
AM_LTLDFLAGS=''
AM_RUNTESTFLAGS=''
AM_V=''
AR=''
AUTOCONF=''
AUTOHEADER=''
AUTOMAKE=''
AWK=''
BUILD_DOCS_FALSE=''
BUILD_DOCS_TRUE=''
CC=''
CCAS=''
CCASDEPMODE=''
CCASFLAGS=''
CCDEPMODE=''
CFLAGS=''
CPP=''
CPPFLAGS=''
CXX=''
CXXCPP=''
CXXDEPMODE=''
CXXFLAGS=''
CYGPATH_W=''
DEFS=''
DEPDIR=''
DLLTOOL=''
DSYMUTIL=''
DUMPBIN=''
ECHO_C='\c'
ECHO_N=''
ECHO_T=''
EGREP=''
EXEEXT=''
FFI_DEBUG_FALSE=''
FFI_DEBUG_TRUE=''
FFI_EXEC_TRAMPOLINE_TABLE=''
FFI_EXEC_TRAMPOLINE_TABLE_FALSE=''
FFI_EXEC_TRAMPOLINE_TABLE_TRUE=''
FGREP=''
GREP=''
HAVE_LONG_DOUBLE=''
HAVE_LONG_DOUBLE_VARIANT=''
INSTALL_DATA=''
INSTALL_PROGRAM=''
INSTALL_SCRIPT=''
INSTALL_STRIP_PROGRAM=''
LD=''
LDFLAGS=''
LIBFFI_BUILD_VERSIONED_SHLIB_FALSE=''
LIBFFI_BUILD_VERSIONED_SHLIB_GNU_FALSE=''
LIBFFI_BUILD_VERSIONED_SHLIB_GNU_TRUE=''
LIBFFI_BUILD_VERSIONED_SHLIB_SUN_FALSE=''
LIBFFI_BUILD_VERSIONED_SHLIB_SUN_TRUE=''
LIBFFI_BUILD_VERSIONED_SHLIB_TRUE=''
LIBOBJS=''
LIBS=''
LIBTOOL=''
LIPO=''
LN_S=''
LTLIBOBJS=''
LT_SYS_LIBRARY_PATH=''
MAINT=''
MAINTAINER_MODE_FALSE=''
MAINTAINER_MODE_TRUE=''
MAKEINFO=''
MANIFEST_TOOL=''
MKDIR_P=''
NM=''
NMEDIT=''
OBJDUMP=''
OBJEXT=''
OPT_LDFLAGS=''
OTOOL64=''
OTOOL=''
PACKAGE=''
PACKAGE_BUGREPORT='http://github.com/libffi/libffi/issues'
PACKAGE_NAME='libffi'
PACKAGE_STRING='libffi 3.299999'
PACKAGE_TARNAME='libffi'
PACKAGE_URL=''
PACKAGE_VERSION='3.299999'
PATH_SEPARATOR=':'
PRTDIAG=''
RANLIB=''
SECTION_LDFLAGS=''
SED=''
SET_MAKE=''
SHELL='/bin/sh'
STRIP=''
TARGET='x86_64-apple-darwin17.7.0'
TARGETDIR=''
TARGET_OBJ=''
TESTSUBDIR_FALSE=''
TESTSUBDIR_TRUE=''
VERSION=''
ac_ct_AR=''
ac_ct_CC=''
ac_ct_CXX=''
ac_ct_DUMPBIN=''
am__EXEEXT_FALSE=''
am__EXEEXT_TRUE=''
am__fastdepCCAS_FALSE=''
am__fastdepCCAS_TRUE=''
am__fastdepCC_FALSE=''
am__fastdepCC_TRUE=''
am__fastdepCXX_FALSE=''
am__fastdepCXX_TRUE=''
am__include=''
am__isrc=''
am__leading_dot=''
am__nodep=''
am__quote=''
am__tar=''
am__untar=''
ax_enable_builddir_sed=''
bindir='${exec_prefix}/bin'
build='x86_64-apple-darwin17.7.0'
build_alias=''
build_cpu='x86_64'
build_os='darwin17.7.0'
build_vendor='apple'
datadir='${datarootdir}'
datarootdir='${prefix}/share'
docdir='${datarootdir}/doc/${PACKAGE_TARNAME}'
dvidir='${docdir}'
exec_prefix='NONE'
host='x86_64-apple-darwin17.7.0'
host_alias=''
host_cpu='x86_64'
host_os='darwin17.7.0'
host_vendor='apple'
htmldir='${docdir}'
includedir='${prefix}/include'
infodir='${datarootdir}/info'
install_sh=''
libdir='${exec_prefix}/lib'
libexecdir='${exec_prefix}/libexec'
localedir='${datarootdir}/locale'
localstatedir='${prefix}/var'
mandir='${datarootdir}/man'
mkdir_p=''
oldincludedir='/usr/include'
pdfdir='${docdir}'
prefix='NONE'
program_transform_name='s,x,x,'
psdir='${docdir}'
sbindir='${exec_prefix}/sbin'
sharedstatedir='${prefix}/com'
sys_symbol_underscore=''
sysconfdir='${prefix}/etc'
target='x86_64-apple-darwin17.7.0'
target_alias=''
target_cpu='x86_64'
target_os='darwin17.7.0'
target_vendor='apple'
toolexecdir=''
toolexeclibdir=''

configure: exit 0
